Dec 18, 2018 11:58:03 PM org.apache.catalina.startup.VersionLoggerListener log
INFO: Server version:        Apache Tomcat (TomEE)/7.0.81 (1.7.5)
Dec 18, 2018 11:58:03 PM org.apache.catalina.startup.VersionLoggerListener log
INFO: Server built:          Aug 11 2017 10:21:27 UTC
Dec 18, 2018 11:58:03 PM org.apache.catalina.startup.VersionLoggerListener log
INFO: Server number:         7.0.81.0
Dec 18, 2018 11:58:03 PM org.apache.catalina.startup.VersionLoggerListener log
INFO: OS Name:               Windows 10
Dec 18, 2018 11:58:03 PM org.apache.catalina.startup.VersionLoggerListener log
INFO: OS Version:            10.0
Dec 18, 2018 11:58:03 PM org.apache.catalina.startup.VersionLoggerListener log
INFO: Architecture:          amd64
Dec 18, 2018 11:58:03 PM org.apache.catalina.startup.VersionLoggerListener log
INFO: Java Home:             C:\Program Files\Java\jdk1.8.0_192\jre
Dec 18, 2018 11:58:03 PM org.apache.catalina.startup.VersionLoggerListener log
INFO: JVM Version:           1.8.0_192-b12
Dec 18, 2018 11:58:03 PM org.apache.catalina.startup.VersionLoggerListener log
INFO: JVM Vendor:            Oracle Corporation
Dec 18, 2018 11:58:03 PM org.apache.catalina.startup.VersionLoggerListener log
INFO: CATALINA_BASE:         C:\Users\Sarvesh\address-manager\application\target\apache-tomee
Dec 18, 2018 11:58:03 PM org.apache.catalina.startup.VersionLoggerListener log
INFO: CATALINA_HOME:         C:\Users\Sarvesh\address-manager\application\target\apache-tomee
Dec 18, 2018 11:58:03 PM org.apache.catalina.startup.VersionLoggerListener log
INFO: Command line argument: -XX:+HeapDumpOnOutOfMemoryError
Dec 18, 2018 11:58:03 PM org.apache.catalina.startup.VersionLoggerListener log
INFO: Command line argument: -Dorg.apache.catalina.STRICT_SERVLET_COMPLIANCE=false
Dec 18, 2018 11:58:03 PM org.apache.catalina.startup.VersionLoggerListener log
INFO: Command line argument: -Dopenejb.session.manager=org.apache.tomee.catalina.session.QuickSessionManager
Dec 18, 2018 11:58:03 PM org.apache.catalina.startup.VersionLoggerListener log
INFO: Command line argument: -Dtomee.remote.support=true
Dec 18, 2018 11:58:03 PM org.apache.catalina.startup.VersionLoggerListener log
INFO: Command line argument: -Dopenejb.system.apps=false
Dec 18, 2018 11:58:03 PM org.apache.catalina.startup.VersionLoggerListener log
INFO: Command line argument: -Djava.util.logging.config.file=C:\Users\Sarvesh\address-manager\application\target\apache-tomee\conf\logging.properties
Dec 18, 2018 11:58:03 PM org.apache.catalina.startup.VersionLoggerListener log
INFO: Command line argument: -javaagent:C:\Users\Sarvesh\address-manager\application\target\apache-tomee\lib\openejb-javaagent.jar
Dec 18, 2018 11:58:03 PM org.apache.catalina.startup.VersionLoggerListener log
INFO: Command line argument: -Djava.util.logging.manager=org.apache.juli.ClassLoaderLogManager
Dec 18, 2018 11:58:03 PM org.apache.catalina.startup.VersionLoggerListener log
INFO: Command line argument: -Djava.io.tmpdir=C:\Users\Sarvesh\address-manager\application\target\apache-tomee\temp
Dec 18, 2018 11:58:03 PM org.apache.catalina.startup.VersionLoggerListener log
INFO: Command line argument: -Djava.endorsed.dirs=C:\Users\Sarvesh\address-manager\application\target\apache-tomee\endorsed
Dec 18, 2018 11:58:03 PM org.apache.catalina.startup.VersionLoggerListener log
INFO: Command line argument: -Dcatalina.base=C:\Users\Sarvesh\address-manager\application\target\apache-tomee
Dec 18, 2018 11:58:03 PM org.apache.catalina.startup.VersionLoggerListener log
INFO: Command line argument: -Dcatalina.home=C:\Users\Sarvesh\address-manager\application\target\apache-tomee
Dec 18, 2018 11:58:03 PM org.apache.catalina.startup.VersionLoggerListener log
INFO: Command line argument: -Dcatalina.ext.dirs=C:\Users\Sarvesh\address-manager\application\target\apache-tomee\lib
Dec 18, 2018 11:58:03 PM org.apache.catalina.startup.VersionLoggerListener log
INFO: Command line argument: -Dorg.apache.tomcat.util.http.ServerCookie.ALLOW_HTTP_SEPARATORS_IN_V0=true
Dec 18, 2018 11:58:03 PM org.apache.catalina.startup.VersionLoggerListener log
INFO: Command line argument: -ea
Dec 18, 2018 11:58:03 PM org.apache.catalina.core.AprLifecycleListener lifecycleEvent
INFO: The APR based Apache Tomcat Native library which allows optimal performance in production environments was not found on the java.library.path: C:\Program Files\Java\jdk1.8.0_192\jre\bin;C:\WINDOWS\Sun\Java\bin;C:\WINDOWS\system32;C:\WINDOWS;C:\Program Files (x86)\Java\jre1.8.0_191\bin;C:\Program Files\Java\jre1.8.0_192\bin;C:\opt\apache-maven-3.6.0\bin;C:\Program Files (x86)\Common Files\Oracle\Java\javapath;C:\Program Files (x86)\Java\jre1.8.0_191\bin\javaw.exe;C:\Program Files (x86)\Intel\iCLS Client\;C:\Program Files\Intel\iCLS Client\;C:\Program Files (x86)\NVIDIA Corporation\PhysX\Common;C:\WINDOWS\system32;C:\WINDOWS;C:\WINDOWS\System32\Wbem;C:\WINDOWS\System32\WindowsPowerShell\v1.0\;C:\Program Files\Intel\Intel(R) Management Engine Components\DAL;C:\Program Files\Intel\Intel(R) Management Engine Components\IPT;C:\Program Files (x86)\Intel\Intel(R) Management Engine Components\DAL;C:\Program Files (x86)\Intel\Intel(R) Management Engine Components\IPT;C:\Program Files (x86)\Windows Live\Shared;C:\Program Files (x86)\Common Files\lenovo\easyplussdk\bin;C:\WINDOWS\System32\OpenSSH\;C:\Program Files\PuTTY\;C:\Program Files\Amazon\AWSCLI\bin\;C:\Users\Sarvesh\AppData\Local\Microsoft\WindowsApps;;.
Dec 18, 2018 11:58:04 PM org.apache.coyote.AbstractProtocol init
INFO: Initializing ProtocolHandler ["http-bio-8080"]
Dec 18, 2018 11:58:04 PM org.apache.coyote.AbstractProtocol init
INFO: Initializing ProtocolHandler ["ajp-bio-8009"]
Dec 18, 2018 11:58:06 PM org.apache.openejb.util.OptionsLog info
INFO: Using 'tomee.remote.support=true'
Dec 18, 2018 11:58:07 PM org.apache.openejb.util.OptionsLog info
INFO: Using 'openejb.jdbc.datasource-creator=org.apache.tomee.jdbc.TomEEDataSourceCreator'
Dec 18, 2018 11:58:07 PM org.apache.openejb.OpenEJB$Instance <init>
INFO: ********************************************************************************
Dec 18, 2018 11:58:07 PM org.apache.openejb.OpenEJB$Instance <init>
INFO: OpenEJB http://tomee.apache.org/
Dec 18, 2018 11:58:07 PM org.apache.openejb.OpenEJB$Instance <init>
INFO: Startup: Tue Dec 18 23:58:07 IST 2018
Dec 18, 2018 11:58:07 PM org.apache.openejb.OpenEJB$Instance <init>
INFO: Copyright 1999-2015 (C) Apache OpenEJB/TomEE Project, All Rights Reserved.
Dec 18, 2018 11:58:07 PM org.apache.openejb.OpenEJB$Instance <init>
INFO: Version: 4.7.5
Dec 18, 2018 11:58:07 PM org.apache.openejb.OpenEJB$Instance <init>
INFO: Build date: 20170927
Dec 18, 2018 11:58:07 PM org.apache.openejb.OpenEJB$Instance <init>
INFO: Build time: 12:02
Dec 18, 2018 11:58:07 PM org.apache.openejb.OpenEJB$Instance <init>
INFO: ********************************************************************************
Dec 18, 2018 11:58:07 PM org.apache.openejb.OpenEJB$Instance <init>
INFO: openejb.home = C:\Users\Sarvesh\address-manager\application\target\apache-tomee
Dec 18, 2018 11:58:07 PM org.apache.openejb.OpenEJB$Instance <init>
INFO: openejb.base = C:\Users\Sarvesh\address-manager\application\target\apache-tomee
Dec 18, 2018 11:58:07 PM org.apache.openejb.cdi.CdiBuilder initializeOWB
INFO: Created new singletonService org.apache.openejb.cdi.ThreadSingletonServiceImpl@51b279c9
Dec 18, 2018 11:58:07 PM org.apache.openejb.cdi.CdiBuilder initializeOWB
INFO: Succeeded in installing singleton service
Dec 18, 2018 11:58:07 PM org.apache.openejb.config.ConfigurationFactory init
INFO: openejb configuration file is 'C:\Users\Sarvesh\address-manager\application\target\apache-tomee\conf\tomee.xml'
Dec 18, 2018 11:58:07 PM org.apache.openejb.config.ConfigurationFactory configureService
INFO: Configuring Service(id=Tomcat Security Service, type=SecurityService, provider-id=Tomcat Security Service)
Dec 18, 2018 11:58:07 PM org.apache.openejb.config.ConfigurationFactory configureService
INFO: Configuring Service(id=Default Transaction Manager, type=TransactionManager, provider-id=Default Transaction Manager)
Dec 18, 2018 11:58:07 PM org.apache.openejb.util.OptionsLog info
INFO: Using 'openejb.system.apps=false'
Dec 18, 2018 11:58:07 PM org.apache.openejb.util.OptionsLog info
INFO: Using 'openejb.deployments.classpath=false'
Dec 18, 2018 11:58:07 PM org.apache.openejb.assembler.classic.Assembler createRecipe
INFO: Creating TransactionManager(id=Default Transaction Manager)
Dec 18, 2018 11:58:07 PM org.apache.openejb.assembler.classic.Assembler createRecipe
INFO: Creating SecurityService(id=Tomcat Security Service)
Dec 18, 2018 11:58:08 PM org.apache.openejb.server.ServiceManager initServer
INFO: Creating ServerService(id=cxf-rs)
Dec 18, 2018 11:58:08 PM org.apache.openejb.server.SimpleServiceManager start
INFO:   ** Bound Services **
Dec 18, 2018 11:58:08 PM org.apache.openejb.server.SimpleServiceManager printRow
INFO:   NAME                 IP              PORT  
Dec 18, 2018 11:58:08 PM org.apache.openejb.server.SimpleServiceManager start
INFO: -------
Dec 18, 2018 11:58:08 PM org.apache.openejb.server.SimpleServiceManager start
INFO: Ready!
Dec 18, 2018 11:58:08 PM org.apache.catalina.startup.Catalina load
INFO: Initialization processed in 7818 ms
Dec 18, 2018 11:58:08 PM org.apache.tomee.catalina.OpenEJBNamingContextListener bindResource
INFO: Importing a Tomcat Resource with id 'UserDatabase' of type 'org.apache.catalina.UserDatabase'.
Dec 18, 2018 11:58:08 PM org.apache.openejb.assembler.classic.Assembler createRecipe
INFO: Creating Resource(id=UserDatabase)
Dec 18, 2018 11:58:08 PM org.apache.catalina.core.StandardService startInternal
INFO: Starting service Catalina
Dec 18, 2018 11:58:08 PM org.apache.catalina.core.StandardEngine startInternal
INFO: Starting Servlet Engine: Apache Tomcat (TomEE)/7.0.81 (1.7.5)
Dec 18, 2018 11:58:08 PM org.apache.catalina.startup.HostConfig deployWAR
INFO: Deploying web application archive C:\Users\Sarvesh\address-manager\application\target\apache-tomee\webapps\ROOT.war
Dec 18, 2018 11:58:08 PM org.apache.tomee.catalina.TomcatWebAppBuilder init
INFO: ------------------------- localhost -> /
Dec 18, 2018 11:58:08 PM org.apache.openejb.util.JarExtractor extract
INFO: Extracting jar: C:\Users\Sarvesh\address-manager\application\target\apache-tomee\webapps\ROOT.war
Dec 18, 2018 11:58:09 PM org.apache.openejb.util.JarExtractor extract
INFO: Extracted path: C:\Users\Sarvesh\address-manager\application\target\apache-tomee\webapps\ROOT
Dec 18, 2018 11:58:09 PM org.apache.openejb.util.OptionsLog info
INFO: Using 'openejb.session.manager=org.apache.tomee.catalina.session.QuickSessionManager'
Dec 18, 2018 11:58:12 PM org.apache.openejb.config.ConfigurationFactory configureApplication
INFO: Configuring enterprise application: C:\Users\Sarvesh\address-manager\application\target\apache-tomee\webapps\ROOT
Dec 18, 2018 11:58:12 PM org.apache.openejb.config.ConfigurationFactory configureService
INFO: Configuring Service(id=Default Managed Container, type=Container, provider-id=Default Managed Container)
Dec 18, 2018 11:58:12 PM org.apache.openejb.config.AutoConfig createContainer
INFO: Auto-creating a container for bean .Comp865361654: Container(type=MANAGED, id=Default Managed Container)
Dec 18, 2018 11:58:12 PM org.apache.openejb.assembler.classic.Assembler createRecipe
INFO: Creating Container(id=Default Managed Container)
Dec 18, 2018 11:58:12 PM org.apache.openejb.core.managed.SimplePassivater init
INFO: Using directory C:\Users\Sarvesh\address-manager\application\target\apache-tomee\temp for stateful session passivation
Dec 18, 2018 11:58:13 PM org.apache.openejb.config.AppInfoBuilder build
INFO: Enterprise application "C:\Users\Sarvesh\address-manager\application\target\apache-tomee\webapps\ROOT" loaded.
Dec 18, 2018 11:58:13 PM org.apache.openejb.assembler.classic.Assembler createApplication
INFO: Assembling app: C:\Users\Sarvesh\address-manager\application\target\apache-tomee\webapps\ROOT
Dec 18, 2018 11:58:13 PM org.apache.openejb.cdi.CdiBuilder initSingleton
INFO: Existing thread singleton service in SystemInstance(): org.apache.openejb.cdi.ThreadSingletonServiceImpl@51b279c9
Dec 18, 2018 11:58:13 PM org.apache.openejb.cdi.OpenEJBLifecycle startApplication
INFO: OpenWebBeans Container is starting...
Dec 18, 2018 11:58:13 PM org.apache.webbeans.plugins.PluginLoader startUp
INFO: Adding OpenWebBeansPlugin : [CdiPlugin]
Dec 18, 2018 11:58:13 PM org.apache.webbeans.plugins.PluginLoader startUp
INFO: Adding OpenWebBeansPlugin : [OpenWebBeansJsfPlugin]
Dec 18, 2018 11:58:26 PM org.apache.webbeans.config.BeansDeployer deploySingleAnnotatedType
INFO: Skipping deployment of Class class com.sap.cloud.sdk.cloudplatform.auditlog.ScpCfAuditLogdue to a NoClassDefFoundError: com/sap/xs/audit/api/exception/AuditLogException
Dec 18, 2018 11:58:28 PM org.apache.webbeans.config.BeansDeployer validateInjectionPoints
INFO: All injection points were validated successfully.
Dec 18, 2018 11:58:28 PM org.apache.openejb.cdi.OpenEJBLifecycle startApplication
INFO: OpenWebBeans Container has started, it took 14399 ms.
Dec 18, 2018 11:58:28 PM org.apache.openejb.assembler.classic.Assembler createApplication
INFO: Deployed Application(path=C:\Users\Sarvesh\address-manager\application\target\apache-tomee\webapps\ROOT)
Dec 18, 2018 11:58:29 PM org.apache.catalina.startup.HostConfig deployWAR
INFO: Deployment of web application archive C:\Users\Sarvesh\address-manager\application\target\apache-tomee\webapps\ROOT.war has finished in 21,171 ms
Dec 18, 2018 11:58:29 PM org.apache.coyote.AbstractProtocol start
INFO: Starting ProtocolHandler ["http-bio-8080"]
Dec 18, 2018 11:58:29 PM org.apache.coyote.AbstractProtocol start
INFO: Starting ProtocolHandler ["ajp-bio-8009"]
Dec 18, 2018 11:58:29 PM org.apache.catalina.startup.Catalina start
INFO: Server startup in 21443 ms
